  [1m[35m (0.1ms)[0m  [1m[34mSELECT sqlite_version(*)[0m
  [1m[35m (1.3ms)[0m  [1m[35mCREATE TABLE "schema_migrations" ("version" varchar NOT NULL PRIMARY KEY)[0m
  [1m[35m (1.6ms)[0m  [1m[35mCREATE TABLE "ar_internal_metadata" ("key" varchar NOT NULL PRIMARY KEY, "value" varchar, "created_at" datetime NOT NULL, "updated_at" datetime NOT NULL)[0m
  [1m[35m (0.2ms)[0m  [1m[34mSELECT "schema_migrations"."version" FROM "schema_migrations" ORDER BY "schema_migrations"."version" ASC[0m
Migrating to CreateProperties (20170801003556)
  [1m[35m (0.0ms)[0m  [1m[36mbegin transaction[0m
  [1m[35m (0.4ms)[0m  [1m[35mCREATE TABLE "properties" ("id" INTEGER PRIMARY KEY AUTOINCREMENT NOT NULL, "address" varchar NOT NULL, "city" varchar NOT NULL, "state" varchar NOT NULL, "zip" varchar NOT NULL, "status" varchar DEFAULT 'prospect' NOT NULL, "notes" text, "created_at" datetime NOT NULL, "updated_at" datetime NOT NULL)[0m
  [1m[35mSQL (0.6ms)[0m  [1m[32mINSERT INTO "schema_migrations" ("version") VALUES (?)[0m  [["version", "20170801003556"]]
  [1m[35m (1.0ms)[0m  [1m[36mcommit transaction[0m
  [1m[36mActiveRecord::InternalMetadata Load (0.1ms)[0m  [1m[34mSELECT  "ar_internal_metadata".* FROM "ar_internal_metadata" WHERE "ar_internal_metadata"."key" = ? LIMIT ?[0m  [["key", "environment"], ["LIMIT", 1]]
  [1m[35m (0.1ms)[0m  [1m[36mbegin transaction[0m
  [1m[35mSQL (0.3ms)[0m  [1m[32mINSERT INTO "ar_internal_metadata" ("key", "value", "created_at", "updated_at") VALUES (?, ?, ?, ?)[0m  [["key", "environment"], ["value", "development"], ["created_at", "2017-08-01 00:38:31.334854"], ["updated_at", "2017-08-01 00:38:31.334854"]]
  [1m[35m (1.4ms)[0m  [1m[36mcommit transaction[0m
  [1m[35m (0.1ms)[0m  [1m[34mSELECT "schema_migrations"."version" FROM "schema_migrations" ORDER BY "schema_migrations"."version" ASC[0m
Started GET "/properties" for 127.0.0.1 at 2017-08-01 09:54:55 -0400
  [1m[35m (0.7ms)[0m  [1m[34mSELECT "schema_migrations"."version" FROM "schema_migrations" ORDER BY "schema_migrations"."version" ASC[0m
Processing by PropertiesController#index as HTML
  Rendering properties/index.html.erb within layouts/application
  Rendered properties/index.html.erb within layouts/application (1.2ms)
Completed 200 OK in 248ms (Views: 236.4ms | ActiveRecord: 0.0ms)


Started GET "/properties" for 127.0.0.1 at 2017-08-01 09:55:00 -0400
Processing by PropertiesController#index as HTML
  Rendering properties/index.html.erb within layouts/application
  Rendered properties/index.html.erb within layouts/application (0.3ms)
Completed 200 OK in 16ms (Views: 14.1ms | ActiveRecord: 0.0ms)


Started GET "/properties" for 127.0.0.1 at 2017-08-01 09:55:44 -0400
Processing by PropertiesController#index as HTML
  Rendering properties/index.html.erb within layouts/application
  Rendered properties/index.html.erb within layouts/application (0.4ms)
Completed 200 OK in 51ms (Views: 49.5ms | ActiveRecord: 0.0ms)


Started GET "/properties" for 127.0.0.1 at 2017-08-01 09:56:11 -0400
Processing by PropertiesController#index as HTML
  Rendering properties/index.html.erb within layouts/application
  Rendered properties/index.html.erb within layouts/application (0.3ms)
Completed 200 OK in 40ms (Views: 38.4ms | ActiveRecord: 0.0ms)


